This is pdfTeX, Version 3.14159265-2.6-1.40.17 (TeX Live 2016) (preloaded format=pdflatex 2016.10.5)  29 MAR 2017 13:31
entering extended mode
 restricted \write18 enabled.
 %&-line parsing enabled.
**typeinst.tex
(./typeinst.tex
LaTeX2e <2016/03/31>
Babel <3.9r> and hyphenation patterns for 83 language(s) loaded.
(./llncs.cls
Document Class: llncs 2015/06/24 v2.20 
 LaTeX document class for Lecture Notes in Computer Science
(/usr/local/texlive/2016/texmf-dist/tex/latex/base/article.cls
Document Class: article 2014/09/29 v1.4h Standard LaTeX document class
(/usr/local/texlive/2016/texmf-dist/tex/latex/base/size10.clo
File: size10.clo 2014/09/29 v1.4h Standard LaTeX file (size option)
)
\c@part=\count79
\c@section=\count80
\c@subsection=\count81
\c@subsubsection=\count82
\c@paragraph=\count83
\c@subparagraph=\count84
\c@figure=\count85
\c@table=\count86
\abovecaptionskip=\skip41
\belowcaptionskip=\skip42
\bibindent=\dimen102
)
(/usr/local/texlive/2016/texmf-dist/tex/latex/tools/multicol.sty
Package: multicol 2016/04/07 v1.8p multicolumn formatting (FMi)
\c@tracingmulticols=\count87
\mult@box=\box26
\multicol@leftmargin=\dimen103
\c@unbalance=\count88
\c@collectmore=\count89
\doublecol@number=\count90
\multicoltolerance=\count91
\multicolpretolerance=\count92
\full@width=\dimen104
\page@free=\dimen105
\premulticols=\dimen106
\postmulticols=\dimen107
\multicolsep=\skip43
\multicolbaselineskip=\skip44
\partial@page=\box27
\last@line=\box28
\maxbalancingoverflow=\dimen108
\mult@rightbox=\box29
\mult@grightbox=\box30
\mult@gfirstbox=\box31
\mult@firstbox=\box32
\@tempa=\box33
\@tempa=\box34
\@tempa=\box35
\@tempa=\box36
\@tempa=\box37
\@tempa=\box38
\@tempa=\box39
\@tempa=\box40
\@tempa=\box41
\@tempa=\box42
\@tempa=\box43
\@tempa=\box44
\@tempa=\box45
\@tempa=\box46
\@tempa=\box47
\@tempa=\box48
\@tempa=\box49
\c@columnbadness=\count93
\c@finalcolumnbadness=\count94
\last@try=\dimen109
\multicolovershoot=\dimen110
\multicolundershoot=\dimen111
\mult@nat@firstbox=\box50
\colbreak@box=\box51
\mc@col@check@num=\count95
)
(/usr/local/texlive/2016/texmf-dist/tex/latex/oberdiek/aliascnt.sty
Package: aliascnt 2016/05/16 v1.4 Alias counters (HO)

(/usr/local/texlive/2016/texmf-dist/tex/latex/carlisle/remreset.sty))
\c@chapter=\count96
LaTeX Font Info:    Redeclaring math symbol \Gamma on input line 362.
LaTeX Font Info:    Redeclaring math symbol \Delta on input line 363.
LaTeX Font Info:    Redeclaring math symbol \Theta on input line 364.
LaTeX Font Info:    Redeclaring math symbol \Lambda on input line 365.
LaTeX Font Info:    Redeclaring math symbol \Xi on input line 366.
LaTeX Font Info:    Redeclaring math symbol \Pi on input line 367.
LaTeX Font Info:    Redeclaring math symbol \Sigma on input line 368.
LaTeX Font Info:    Redeclaring math symbol \Upsilon on input line 369.
LaTeX Font Info:    Redeclaring math symbol \Phi on input line 370.
LaTeX Font Info:    Redeclaring math symbol \Psi on input line 371.
LaTeX Font Info:    Redeclaring math symbol \Omega on input line 372.
\tocchpnum=\dimen112
\tocsecnum=\dimen113
\tocsectotal=\dimen114
\tocsubsecnum=\dimen115
\tocsubsectotal=\dimen116
\tocsubsubsecnum=\dimen117
\tocsubsubsectotal=\dimen118
\tocparanum=\dimen119
\tocparatotal=\dimen120
\tocsubparanum=\dimen121
\@tempcntc=\count97
\fnindent=\dimen122
\c@@inst=\count98
\c@@auth=\count99
\c@auco=\count100
\instindent=\dimen123
\authrun=\box52
\authorrunning=\toks14
\tocauthor=\toks15
\titrun=\box53
\titlerunning=\toks16
\toctitle=\toks17
\c@theorem=\count101
\c@case=\count102
\c@conjecture=\count103
\c@corollary=\count104
\c@definition=\count105
\c@example=\count106
\c@exercise=\count107
\c@lemma=\count108
\c@note=\count109
\c@problem=\count110
\c@property=\count111
\c@proposition=\count112
\c@question=\count113
\c@solution=\count114
\c@remark=\count115
\headlineindent=\dimen124
)
(/usr/local/texlive/2016/texmf-dist/tex/latex/amsfonts/amssymb.sty
Package: amssymb 2013/01/14 v3.01 AMS font symbols

(/usr/local/texlive/2016/texmf-dist/tex/latex/amsfonts/amsfonts.sty
Package: amsfonts 2013/01/14 v3.01 Basic AMSFonts support
\@emptytoks=\toks18
\symAMSa=\mathgroup4
\symAMSb=\mathgroup5
LaTeX Font Info:    Overwriting math alphabet `\mathfrak' in version `bold'
(Font)                  U/euf/m/n --> U/euf/b/n on input line 106.
))
(/usr/local/texlive/2016/texmf-dist/tex/latex/graphics/graphicx.sty
Package: graphicx 2014/10/28 v1.0g Enhanced LaTeX Graphics (DPC,SPQR)

(/usr/local/texlive/2016/texmf-dist/tex/latex/graphics/keyval.sty
Package: keyval 2014/10/28 v1.15 key=value parser (DPC)
\KV@toks@=\toks19
)
(/usr/local/texlive/2016/texmf-dist/tex/latex/graphics/graphics.sty
Package: graphics 2016/05/09 v1.0r Standard LaTeX Graphics (DPC,SPQR)

(/usr/local/texlive/2016/texmf-dist/tex/latex/graphics/trig.sty
Package: trig 2016/01/03 v1.10 sin cos tan (DPC)
)
(/usr/local/texlive/2016/texmf-dist/tex/latex/graphics-cfg/graphics.cfg
File: graphics.cfg 2016/01/02 v1.10 sample graphics configuration
)
Package graphics Info: Driver file: pdftex.def on input line 96.

(/usr/local/texlive/2016/texmf-dist/tex/latex/pdftex-def/pdftex.def
File: pdftex.def 2011/05/27 v0.06d Graphics/color for pdfTeX

(/usr/local/texlive/2016/texmf-dist/tex/generic/oberdiek/infwarerr.sty
Package: infwarerr 2016/05/16 v1.4 Providing info/warning/error messages (HO)
)
(/usr/local/texlive/2016/texmf-dist/tex/generic/oberdiek/ltxcmds.sty
Package: ltxcmds 2016/05/16 v1.23 LaTeX kernel commands for general use (HO)
)
\Gread@gobject=\count116
))
\Gin@req@height=\dimen125
\Gin@req@width=\dimen126
)
(/usr/local/texlive/2016/texmf-dist/tex/latex/natbib/natbib.sty
Package: natbib 2010/09/13 8.31b (PWD, AO)
\bibhang=\skip45
\bibsep=\skip46
LaTeX Info: Redefining \cite on input line 694.
\c@NAT@ctr=\count117
)
(/usr/local/texlive/2016/texmf-dist/tex/latex/base/inputenc.sty
Package: inputenc 2015/03/17 v1.2c Input encoding file
\inpenc@prehook=\toks20
\inpenc@posthook=\toks21

(/usr/local/texlive/2016/texmf-dist/tex/latex/base/utf8.def
File: utf8.def 2016/02/28 v1.1s UTF-8 support for inputenc
Now handling font encoding OML ...
... no UTF-8 mapping file for font encoding OML
Now handling font encoding T1 ...
... processing UTF-8 mapping file for font encoding T1

(/usr/local/texlive/2016/texmf-dist/tex/latex/base/t1enc.dfu
File: t1enc.dfu 2016/02/28 v1.1s UTF-8 support for inputenc
   defining Unicode char U+00A0 (decimal 160)
   defining Unicode char U+00A1 (decimal 161)
   defining Unicode char U+00A3 (decimal 163)
   defining Unicode char U+00AB (decimal 171)
   defining Unicode char U+00AD (decimal 173)
   defining Unicode char U+00BB (decimal 187)
   defining Unicode char U+00BF (decimal 191)
   defining Unicode char U+00C0 (decimal 192)
   defining Unicode char U+00C1 (decimal 193)
   defining Unicode char U+00C2 (decimal 194)
   defining Unicode char U+00C3 (decimal 195)
   defining Unicode char U+00C4 (decimal 196)
   defining Unicode char U+00C5 (decimal 197)
   defining Unicode char U+00C6 (decimal 198)
   defining Unicode char U+00C7 (decimal 199)
   defining Unicode char U+00C8 (decimal 200)
   defining Unicode char U+00C9 (decimal 201)
   defining Unicode char U+00CA (decimal 202)
   defining Unicode char U+00CB (decimal 203)
   defining Unicode char U+00CC (decimal 204)
   defining Unicode char U+00CD (decimal 205)
   defining Unicode char U+00CE (decimal 206)
   defining Unicode char U+00CF (decimal 207)
   defining Unicode char U+00D0 (decimal 208)
   defining Unicode char U+00D1 (decimal 209)
   defining Unicode char U+00D2 (decimal 210)
   defining Unicode char U+00D3 (decimal 211)
   defining Unicode char U+00D4 (decimal 212)
   defining Unicode char U+00D5 (decimal 213)
   defining Unicode char U+00D6 (decimal 214)
   defining Unicode char U+00D8 (decimal 216)
   defining Unicode char U+00D9 (decimal 217)
   defining Unicode char U+00DA (decimal 218)
   defining Unicode char U+00DB (decimal 219)
   defining Unicode char U+00DC (decimal 220)
   defining Unicode char U+00DD (decimal 221)
   defining Unicode char U+00DE (decimal 222)
   defining Unicode char U+00DF (decimal 223)
   defining Unicode char U+00E0 (decimal 224)
   defining Unicode char U+00E1 (decimal 225)
   defining Unicode char U+00E2 (decimal 226)
   defining Unicode char U+00E3 (decimal 227)
   defining Unicode char U+00E4 (decimal 228)
   defining Unicode char U+00E5 (decimal 229)
   defining Unicode char U+00E6 (decimal 230)
   defining Unicode char U+00E7 (decimal 231)
   defining Unicode char U+00E8 (decimal 232)
   defining Unicode char U+00E9 (decimal 233)
   defining Unicode char U+00EA (decimal 234)
   defining Unicode char U+00EB (decimal 235)
   defining Unicode char U+00EC (decimal 236)
   defining Unicode char U+00ED (decimal 237)
   defining Unicode char U+00EE (decimal 238)
   defining Unicode char U+00EF (decimal 239)
   defining Unicode char U+00F0 (decimal 240)
   defining Unicode char U+00F1 (decimal 241)
   defining Unicode char U+00F2 (decimal 242)
   defining Unicode char U+00F3 (decimal 243)
   defining Unicode char U+00F4 (decimal 244)
   defining Unicode char U+00F5 (decimal 245)
   defining Unicode char U+00F6 (decimal 246)
   defining Unicode char U+00F8 (decimal 248)
   defining Unicode char U+00F9 (decimal 249)
   defining Unicode char U+00FA (decimal 250)
   defining Unicode char U+00FB (decimal 251)
   defining Unicode char U+00FC (decimal 252)
   defining Unicode char U+00FD (decimal 253)
   defining Unicode char U+00FE (decimal 254)
   defining Unicode char U+00FF (decimal 255)
   defining Unicode char U+0100 (decimal 256)
   defining Unicode char U+0101 (decimal 257)
   defining Unicode char U+0102 (decimal 258)
   defining Unicode char U+0103 (decimal 259)
   defining Unicode char U+0104 (decimal 260)
   defining Unicode char U+0105 (decimal 261)
   defining Unicode char U+0106 (decimal 262)
   defining Unicode char U+0107 (decimal 263)
   defining Unicode char U+0108 (decimal 264)
   defining Unicode char U+0109 (decimal 265)
   defining Unicode char U+010A (decimal 266)
   defining Unicode char U+010B (decimal 267)
   defining Unicode char U+010C (decimal 268)
   defining Unicode char U+010D (decimal 269)
   defining Unicode char U+010E (decimal 270)
   defining Unicode char U+010F (decimal 271)
   defining Unicode char U+0110 (decimal 272)
   defining Unicode char U+0111 (decimal 273)
   defining Unicode char U+0112 (decimal 274)
   defining Unicode char U+0113 (decimal 275)
   defining Unicode char U+0114 (decimal 276)
   defining Unicode char U+0115 (decimal 277)
   defining Unicode char U+0116 (decimal 278)
   defining Unicode char U+0117 (decimal 279)
   defining Unicode char U+0118 (decimal 280)
   defining Unicode char U+0119 (decimal 281)
   defining Unicode char U+011A (decimal 282)
   defining Unicode char U+011B (decimal 283)
   defining Unicode char U+011C (decimal 284)
   defining Unicode char U+011D (decimal 285)
   defining Unicode char U+011E (decimal 286)
   defining Unicode char U+011F (decimal 287)
   defining Unicode char U+0120 (decimal 288)
   defining Unicode char U+0121 (decimal 289)
   defining Unicode char U+0122 (decimal 290)
   defining Unicode char U+0123 (decimal 291)
   defining Unicode char U+0124 (decimal 292)
   defining Unicode char U+0125 (decimal 293)
   defining Unicode char U+0128 (decimal 296)
   defining Unicode char U+0129 (decimal 297)
   defining Unicode char U+012A (decimal 298)
   defining Unicode char U+012B (decimal 299)
   defining Unicode char U+012C (decimal 300)
   defining Unicode char U+012D (decimal 301)
   defining Unicode char U+012E (decimal 302)
   defining Unicode char U+012F (decimal 303)
   defining Unicode char U+0130 (decimal 304)
   defining Unicode char U+0131 (decimal 305)
   defining Unicode char U+0132 (decimal 306)
   defining Unicode char U+0133 (decimal 307)
   defining Unicode char U+0134 (decimal 308)
   defining Unicode char U+0135 (decimal 309)
   defining Unicode char U+0136 (decimal 310)
   defining Unicode char U+0137 (decimal 311)
   defining Unicode char U+0139 (decimal 313)
   defining Unicode char U+013A (decimal 314)
   defining Unicode char U+013B (decimal 315)
   defining Unicode char U+013C (decimal 316)
   defining Unicode char U+013D (decimal 317)
   defining Unicode char U+013E (decimal 318)
   defining Unicode char U+0141 (decimal 321)
   defining Unicode char U+0142 (decimal 322)
   defining Unicode char U+0143 (decimal 323)
   defining Unicode char U+0144 (decimal 324)
   defining Unicode char U+0145 (decimal 325)
   defining Unicode char U+0146 (decimal 326)
   defining Unicode char U+0147 (decimal 327)
   defining Unicode char U+0148 (decimal 328)
   defining Unicode char U+014A (decimal 330)
   defining Unicode char U+014B (decimal 331)
   defining Unicode char U+014C (decimal 332)
   defining Unicode char U+014D (decimal 333)
   defining Unicode char U+014E (decimal 334)
   defining Unicode char U+014F (decimal 335)
   defining Unicode char U+0150 (decimal 336)
   defining Unicode char U+0151 (decimal 337)
   defining Unicode char U+0152 (decimal 338)
   defining Unicode char U+0153 (decimal 339)
   defining Unicode char U+0154 (decimal 340)
   defining Unicode char U+0155 (decimal 341)
   defining Unicode char U+0156 (decimal 342)
   defining Unicode char U+0157 (decimal 343)
   defining Unicode char U+0158 (decimal 344)
   defining Unicode char U+0159 (decimal 345)
   defining Unicode char U+015A (decimal 346)
   defining Unicode char U+015B (decimal 347)
   defining Unicode char U+015C (decimal 348)
   defining Unicode char U+015D (decimal 349)
   defining Unicode char U+015E (decimal 350)
   defining Unicode char U+015F (decimal 351)
   defining Unicode char U+0160 (decimal 352)
   defining Unicode char U+0161 (decimal 353)
   defining Unicode char U+0162 (decimal 354)
   defining Unicode char U+0163 (decimal 355)
   defining Unicode char U+0164 (decimal 356)
   defining Unicode char U+0165 (decimal 357)
   defining Unicode char U+0168 (decimal 360)
   defining Unicode char U+0169 (decimal 361)
   defining Unicode char U+016A (decimal 362)
   defining Unicode char U+016B (decimal 363)
   defining Unicode char U+016C (decimal 364)
   defining Unicode char U+016D (decimal 365)
   defining Unicode char U+016E (decimal 366)
   defining Unicode char U+016F (decimal 367)
   defining Unicode char U+0170 (decimal 368)
   defining Unicode char U+0171 (decimal 369)
   defining Unicode char U+0172 (decimal 370)
   defining Unicode char U+0173 (decimal 371)
   defining Unicode char U+0174 (decimal 372)
   defining Unicode char U+0175 (decimal 373)
   defining Unicode char U+0176 (decimal 374)
   defining Unicode char U+0177 (decimal 375)
   defining Unicode char U+0178 (decimal 376)
   defining Unicode char U+0179 (decimal 377)
   defining Unicode char U+017A (decimal 378)
   defining Unicode char U+017B (decimal 379)
   defining Unicode char U+017C (decimal 380)
   defining Unicode char U+017D (decimal 381)
   defining Unicode char U+017E (decimal 382)
   defining Unicode char U+01CD (decimal 461)
   defining Unicode char U+01CE (decimal 462)
   defining Unicode char U+01CF (decimal 463)
   defining Unicode char U+01D0 (decimal 464)
   defining Unicode char U+01D1 (decimal 465)
   defining Unicode char U+01D2 (decimal 466)
   defining Unicode char U+01D3 (decimal 467)
   defining Unicode char U+01D4 (decimal 468)
   defining Unicode char U+01E2 (decimal 482)
   defining Unicode char U+01E3 (decimal 483)
   defining Unicode char U+01E6 (decimal 486)
   defining Unicode char U+01E7 (decimal 487)
   defining Unicode char U+01E8 (decimal 488)
   defining Unicode char U+01E9 (decimal 489)
   defining Unicode char U+01EA (decimal 490)
   defining Unicode char U+01EB (decimal 491)
   defining Unicode char U+01F0 (decimal 496)
   defining Unicode char U+01F4 (decimal 500)
   defining Unicode char U+01F5 (decimal 501)
   defining Unicode char U+0218 (decimal 536)
   defining Unicode char U+0219 (decimal 537)
   defining Unicode char U+021A (decimal 538)
   defining Unicode char U+021B (decimal 539)
   defining Unicode char U+1E02 (decimal 7682)
   defining Unicode char U+1E03 (decimal 7683)
   defining Unicode char U+200C (decimal 8204)
   defining Unicode char U+2010 (decimal 8208)
   defining Unicode char U+2011 (decimal 8209)
   defining Unicode char U+2012 (decimal 8210)
   defining Unicode char U+2013 (decimal 8211)
   defining Unicode char U+2014 (decimal 8212)
   defining Unicode char U+2015 (decimal 8213)
   defining Unicode char U+2018 (decimal 8216)
   defining Unicode char U+2019 (decimal 8217)
   defining Unicode char U+201A (decimal 8218)
   defining Unicode char U+201C (decimal 8220)
   defining Unicode char U+201D (decimal 8221)
   defining Unicode char U+201E (decimal 8222)
   defining Unicode char U+2030 (decimal 8240)
   defining Unicode char U+2031 (decimal 8241)
   defining Unicode char U+2039 (decimal 8249)
   defining Unicode char U+203A (decimal 8250)
   defining Unicode char U+2423 (decimal 9251)
)
Now handling font encoding OT1 ...
... processing UTF-8 mapping file for font encoding OT1

(/usr/local/texlive/2016/texmf-dist/tex/latex/base/ot1enc.dfu
File: ot1enc.dfu 2016/02/28 v1.1s UTF-8 support for inputenc
   defining Unicode char U+00A0 (decimal 160)
   defining Unicode char U+00A1 (decimal 161)
   defining Unicode char U+00A3 (decimal 163)
   defining Unicode char U+00AD (decimal 173)
   defining Unicode char U+00B8 (decimal 184)
   defining Unicode char U+00BF (decimal 191)
   defining Unicode char U+00C5 (decimal 197)
   defining Unicode char U+00C6 (decimal 198)
   defining Unicode char U+00D8 (decimal 216)
   defining Unicode char U+00DF (decimal 223)
   defining Unicode char U+00E6 (decimal 230)
   defining Unicode char U+00EC (decimal 236)
   defining Unicode char U+00ED (decimal 237)
   defining Unicode char U+00EE (decimal 238)
   defining Unicode char U+00EF (decimal 239)
   defining Unicode char U+00F8 (decimal 248)
   defining Unicode char U+0131 (decimal 305)
   defining Unicode char U+0141 (decimal 321)
   defining Unicode char U+0142 (decimal 322)
   defining Unicode char U+0152 (decimal 338)
   defining Unicode char U+0153 (decimal 339)
   defining Unicode char U+0174 (decimal 372)
   defining Unicode char U+0175 (decimal 373)
   defining Unicode char U+0176 (decimal 374)
   defining Unicode char U+0177 (decimal 375)
   defining Unicode char U+0218 (decimal 536)
   defining Unicode char U+0219 (decimal 537)
   defining Unicode char U+021A (decimal 538)
   defining Unicode char U+021B (decimal 539)
   defining Unicode char U+2013 (decimal 8211)
   defining Unicode char U+2014 (decimal 8212)
   defining Unicode char U+2018 (decimal 8216)
   defining Unicode char U+2019 (decimal 8217)
   defining Unicode char U+201C (decimal 8220)
   defining Unicode char U+201D (decimal 8221)
)
Now handling font encoding OMS ...
... processing UTF-8 mapping file for font encoding OMS

(/usr/local/texlive/2016/texmf-dist/tex/latex/base/omsenc.dfu
File: omsenc.dfu 2016/02/28 v1.1s UTF-8 support for inputenc
   defining Unicode char U+00A7 (decimal 167)
   defining Unicode char U+00B6 (decimal 182)
   defining Unicode char U+00B7 (decimal 183)
   defining Unicode char U+2020 (decimal 8224)
   defining Unicode char U+2021 (decimal 8225)
   defining Unicode char U+2022 (decimal 8226)
)
Now handling font encoding OMX ...
... no UTF-8 mapping file for font encoding OMX
Now handling font encoding U ...
... no UTF-8 mapping file for font encoding U
   defining Unicode char U+00A9 (decimal 169)
   defining Unicode char U+00AA (decimal 170)
   defining Unicode char U+00AE (decimal 174)
   defining Unicode char U+00BA (decimal 186)
   defining Unicode char U+02C6 (decimal 710)
   defining Unicode char U+02DC (decimal 732)
   defining Unicode char U+200C (decimal 8204)
   defining Unicode char U+2026 (decimal 8230)
   defining Unicode char U+2122 (decimal 8482)
   defining Unicode char U+2423 (decimal 9251)
))
(/usr/local/texlive/2016/texmf-dist/tex/latex/varwidth/varwidth.sty
Package: varwidth 2009/03/30 ver 0.92;  Variable-width minipages
\@vwid@box=\box54
\sift@deathcycles=\count118
\@vwid@loff=\dimen127
\@vwid@roff=\dimen128
)
(/usr/local/texlive/2016/texmf-dist/tex/latex/here/here.sty)
(/usr/local/texlive/2016/texmf-dist/tex/latex/float/float.sty
Package: float 2001/11/08 v1.3d Float enhancements (AL)
\c@float@type=\count119
\float@exts=\toks22
\float@box=\box55
\@float@everytoks=\toks23
\@floatcapt=\box56
)
(/usr/local/texlive/2016/texmf-dist/tex/latex/subfigure/subfigure.sty
Package: subfigure 2002/03/15 v2.1.5 subfigure package
\subfigtopskip=\skip47
\subfigcapskip=\skip48
\subfigcaptopadj=\dimen129
\subfigbottomskip=\skip49
\subfigcapmargin=\dimen130
\subfiglabelskip=\skip50
\c@subfigure=\count120
\c@lofdepth=\count121
\c@subtable=\count122
\c@lotdepth=\count123

****************************************
* Local config file subfigure.cfg used *
****************************************
(/usr/local/texlive/2016/texmf-dist/tex/latex/subfigure/subfigure.cfg)
\subfig@top=\skip51
\subfig@bottom=\skip52
)
(/usr/local/texlive/2016/texmf-dist/tex/latex/url/url.sty
\Urlmuskip=\muskip10
Package: url 2013/09/16  ver 3.4  Verb mode for urls, etc.
)
(/usr/local/texlive/2016/texmf-dist/tex/latex/appendix/appendix.sty
Package: appendix 2009/09/02 v1.2b extra appendix facilities
\c@@pps=\count124
\c@@ppsavesec=\count125
\c@@ppsaveapp=\count126
)
(/usr/local/texlive/2016/texmf-dist/tex/latex/pdfpages/pdfpages.sty
Package: pdfpages 2016/04/19 v0.5f Insert pages of external PDF documents (AM)

(/usr/local/texlive/2016/texmf-dist/tex/latex/base/ifthen.sty
Package: ifthen 2014/09/29 v1.1c Standard LaTeX ifthen package (DPC)
)
(/usr/local/texlive/2016/texmf-dist/tex/latex/tools/calc.sty
Package: calc 2014/10/28 v4.3 Infix arithmetic (KKT,FJ)
\calc@Acount=\count127
\calc@Bcount=\count128
\calc@Adimen=\dimen131
\calc@Bdimen=\dimen132
\calc@Askip=\skip53
\calc@Bskip=\skip54
LaTeX Info: Redefining \setlength on input line 80.
LaTeX Info: Redefining \addtolength on input line 81.
\calc@Ccount=\count129
\calc@Cskip=\skip55
)
(/usr/local/texlive/2016/texmf-dist/tex/latex/eso-pic/eso-pic.sty
Package: eso-pic 2015/07/21 v2.0g eso-pic (RN)

(/usr/local/texlive/2016/texmf-dist/tex/generic/oberdiek/atbegshi.sty
Package: atbegshi 2016/05/16 v1.17 At begin shipout hook (HO)

(/usr/local/texlive/2016/texmf-dist/tex/generic/oberdiek/ifpdf.sty
Package: ifpdf 2016/05/14 v3.1 Provides the ifpdf switch
))
(/usr/local/texlive/2016/texmf-dist/tex/latex/xcolor/xcolor.sty
Package: xcolor 2016/05/11 v2.12 LaTeX color extensions (UK)

(/usr/local/texlive/2016/texmf-dist/tex/latex/graphics-cfg/color.cfg
File: color.cfg 2016/01/02 v1.6 sample color configuration
)
Package xcolor Info: Driver file: pdftex.def on input line 225.
Package xcolor Info: Model `cmy' substituted by `cmy0' on input line 1348.
Package xcolor Info: Model `hsb' substituted by `rgb' on input line 1352.
Package xcolor Info: Model `RGB' extended on input line 1364.
Package xcolor Info: Model `HTML' substituted by `rgb' on input line 1366.
Package xcolor Info: Model `Hsb' substituted by `hsb' on input line 1367.
Package xcolor Info: Model `tHsb' substituted by `hsb' on input line 1368.
Package xcolor Info: Model `HSB' substituted by `hsb' on input line 1369.
Package xcolor Info: Model `Gray' substituted by `gray' on input line 1370.
Package xcolor Info: Model `wave' substituted by `hsb' on input line 1371.
))
\AM@pagewidth=\dimen133
\AM@pageheight=\dimen134

(/usr/local/texlive/2016/texmf-dist/tex/latex/pdfpages/pppdftex.def
File: pppdftex.def 2016/04/19 v0.5f Pdfpages driver for pdfTeX (AM)
)
\AM@pagebox=\box57
\AM@global@opts=\toks24
\AM@toc@title=\toks25
\c@AM@survey=\count130
\AM@templatesizebox=\box58
)
(./typeinst.aux)
\openout1 = `typeinst.aux'.

LaTeX Font Info:    Checking defaults for OML/cmm/m/it on input line 19.
LaTeX Font Info:    ... okay on input line 19.
LaTeX Font Info:    Checking defaults for T1/cmr/m/n on input line 19.
LaTeX Font Info:    ... okay on input line 19.
LaTeX Font Info:    Checking defaults for OT1/cmr/m/n on input line 19.
LaTeX Font Info:    ... okay on input line 19.
LaTeX Font Info:    Checking defaults for OMS/cmsy/m/n on input line 19.
LaTeX Font Info:    ... okay on input line 19.
LaTeX Font Info:    Checking defaults for OMX/cmex/m/n on input line 19.
LaTeX Font Info:    ... okay on input line 19.
LaTeX Font Info:    Checking defaults for U/cmr/m/n on input line 19.
LaTeX Font Info:    ... okay on input line 19.

(/usr/local/texlive/2016/texmf-dist/tex/context/base/mkii/supp-pdf.mkii
[Loading MPS to PDF converter (version 2006.09.02).]
\scratchcounter=\count131
\scratchdimen=\dimen135
\scratchbox=\box59
\nofMPsegments=\count132
\nofMParguments=\count133
\everyMPshowfont=\toks26
\MPscratchCnt=\count134
\MPscratchDim=\dimen136
\MPnumerator=\count135
\makeMPintoPDFobject=\count136
\everyMPtoPDFconversion=\toks27
) (/usr/local/texlive/2016/texmf-dist/tex/generic/oberdiek/pdftexcmds.sty
Package: pdftexcmds 2016/05/10 v0.21 Utility functions of pdfTeX for LuaTeX (HO
)

(/usr/local/texlive/2016/texmf-dist/tex/generic/oberdiek/ifluatex.sty
Package: ifluatex 2016/05/16 v1.4 Provides the ifluatex switch (HO)
Package ifluatex Info: LuaTeX not detected.
)
Package pdftexcmds Info: LuaTeX not detected.
Package pdftexcmds Info: \pdf@primitive is available.
Package pdftexcmds Info: \pdf@ifprimitive is available.
Package pdftexcmds Info: \pdfdraftmode found.
)
(/usr/local/texlive/2016/texmf-dist/tex/latex/oberdiek/epstopdf-base.sty
Package: epstopdf-base 2016/05/15 v2.6 Base part for package epstopdf

(/usr/local/texlive/2016/texmf-dist/tex/latex/oberdiek/grfext.sty
Package: grfext 2016/05/16 v1.2 Manage graphics extensions (HO)

(/usr/local/texlive/2016/texmf-dist/tex/generic/oberdiek/kvdefinekeys.sty
Package: kvdefinekeys 2016/05/16 v1.4 Define keys (HO)
))
(/usr/local/texlive/2016/texmf-dist/tex/latex/oberdiek/kvoptions.sty
Package: kvoptions 2016/05/16 v3.12 Key value format for package options (HO)

(/usr/local/texlive/2016/texmf-dist/tex/generic/oberdiek/kvsetkeys.sty
Package: kvsetkeys 2016/05/16 v1.17 Key value parser (HO)

(/usr/local/texlive/2016/texmf-dist/tex/generic/oberdiek/etexcmds.sty
Package: etexcmds 2016/05/16 v1.6 Avoid name clashes with e-TeX commands (HO)
Package etexcmds Info: Could not find \expanded.
(etexcmds)             That can mean that you are not using pdfTeX 1.50 or
(etexcmds)             that some package has redefined \expanded.
(etexcmds)             In the latter case, load this package earlier.
)))
Package grfext Info: Graphics extension search list:
(grfext)             [.png,.pdf,.jpg,.mps,.jpeg,.jbig2,.jb2,.PNG,.PDF,.JPG,.JPE
G,.JBIG2,.JB2,.eps]
(grfext)             \AppendGraphicsExtensions on input line 456.

(/usr/local/texlive/2016/texmf-dist/tex/latex/latexconfig/epstopdf-sys.cfg
File: epstopdf-sys.cfg 2010/07/13 v1.3 Configuration of (r)epstopdf for TeX Liv
e
))
\AtBeginShipoutBox=\box60

(/usr/local/texlive/2016/texmf-dist/tex/latex/oberdiek/pdflscape.sty
Package: pdflscape 2016/05/14 v0.11 Display of landscape pages in PDF (HO)

(/usr/local/texlive/2016/texmf-dist/tex/latex/graphics/lscape.sty
Package: lscape 2000/10/22 v3.01 Landscape Pages (DPC)
)
Package pdflscape Info: Auto-detected driver: pdftex on input line 81.

(/usr/local/texlive/2016/texmf-dist/tex/generic/ifxetex/ifxetex.sty
Package: ifxetex 2010/09/12 v0.6 Provides ifxetex conditional
))
LaTeX Font Info:    Try loading font information for U+msa on input line 38.

(/usr/local/texlive/2016/texmf-dist/tex/latex/amsfonts/umsa.fd
File: umsa.fd 2013/01/14 v3.01 AMS symbols A
)
LaTeX Font Info:    Try loading font information for U+msb on input line 38.

(/usr/local/texlive/2016/texmf-dist/tex/latex/amsfonts/umsb.fd
File: umsb.fd 2013/01/14 v3.01 AMS symbols B
) [1


{/usr/local/texlive/2016/texmf-var/fonts/map/pdftex/updmap/pdftex.map}]
Overfull \hbox (2.12703pt too wide) in paragraph at lines 81--82
\OT1/cmr/m/n/10 neuzeitliche Erfind-ung, bere-its im 9. Jahrhun-dert beschreibt
 der ara-bis-che Mathe-
 []


Underfull \hbox (badness 10000) in paragraph at lines 81--82

 []


Underfull \hbox (badness 10000) in paragraph at lines 85--87

 []


Underfull \hbox (badness 10000) in paragraph at lines 88--90

 []


Underfull \hbox (badness 10000) in paragraph at lines 91--93

 []

[2]
Underfull \hbox (badness 10000) in paragraph at lines 94--96

 []


Overfull \hbox (2.29361pt too wide) in paragraph at lines 97--99
\OT1/cmr/m/n/10 Bei gle-ichen Vo-raus-set-zun-gen muss ein Al-go-rith-mus stets
 zum gle-ichen Ergeb-
 []


Underfull \hbox (badness 10000) in paragraph at lines 97--99

 []


Underfull \hbox (badness 10000) in paragraph at lines 100--103

 []


Underfull \hbox (badness 10000) in paragraph at lines 107--109

 []


Underfull \hbox (badness 10000) in paragraph at lines 112--113

 []


Underfull \hbox (badness 10000) in paragraph at lines 114--124

 []


Underfull \hbox (badness 10000) in paragraph at lines 114--124

 []


Underfull \hbox (badness 10000) in paragraph at lines 114--124

 []

[3] <graph1.png, id=19, 207.77625pt x 126.4725pt>
File: graph1.png Graphic file (type png)
 <use graph1.png>
Package pdftex.def Info: graph1.png used on input line 129.
(pdftex.def)             Requested size: 207.77573pt x 126.47218pt.

Underfull \hbox (badness 10000) in paragraph at lines 136--140

 []


Underfull \hbox (badness 10000) in paragraph at lines 136--140

 []


Underfull \hbox (badness 10000) in paragraph at lines 136--140

 []


Underfull \hbox (badness 10000) in paragraph at lines 136--140

 []


Underfull \hbox (badness 10000) in paragraph at lines 136--140

 []


Underfull \hbox (badness 10000) in paragraph at lines 136--140

 []


Underfull \hbox (badness 10000) in paragraph at lines 136--140

 []


Underfull \hbox (badness 10000) in paragraph at lines 136--140

 []


Underfull \hbox (badness 10000) in paragraph at lines 136--140

 []


Underfull \hbox (badness 10000) in paragraph at lines 136--140

 []

[4 <./graph1.png>] <BreitensucheGraph.png, id=25, 610.28pt x 789.95125pt>
File: BreitensucheGraph.png Graphic file (type png)

<use BreitensucheGraph.png>
Package pdftex.def Info: BreitensucheGraph.png used on input line 149.
(pdftex.def)             Requested size: 85.43861pt x 110.5924pt.
 [5 <./BreitensucheGraph.png>]

LaTeX Warning: Reference `twert' on page 6 undefined on input line 176.

<lzvergleich.png, id=31, 846.16125pt x 127.07475pt>
File: lzvergleich.png Graphic file (type png)
 <use lzvergleich.png>
Package pdftex.def Info: lzvergleich.png used on input line 189.
(pdftex.def)             Requested size: 355.3853pt x 53.37102pt.

Overfull \hbox (8.26176pt too wide) in paragraph at lines 189--190
 [][] 
 []

[6] <ergebnisse1.png, id=36, 629.35126pt x 204.765pt>
File: ergebnisse1.png Graphic file (type png)
 <use ergebnisse1.png>
Package pdftex.def Info: ergebnisse1.png used on input line 208.
(pdftex.def)             Requested size: 346.14426pt x 112.62108pt.

<ergebnisse2.png, id=37, 627.34375pt x 207.77625pt>
File: ergebnisse2.png Graphic file (type png)
 <use ergebnisse2.png>
Package pdftex.def Info: ergebnisse2.png used on input line 211.
(pdftex.def)             Requested size: 345.04012pt x 114.27728pt.

<ergebnisse3.png, id=38, 628.3475pt x 206.7725pt>
File: ergebnisse3.png Graphic file (type png)
 <use ergebnisse3.png>
Package pdftex.def Info: ergebnisse3.png used on input line 214.
(pdftex.def)             Requested size: 345.5922pt x 113.72522pt.

Underfull \vbox (badness 10000) has occurred while \output is active []

 [7 <./lzvergleich.png>] <testgraph1.png, id=44, 811.833pt x 502.2765pt>
File: testgraph1.png Graphic file (type png)

<use testgraph1.png>
Package pdftex.def Info: testgraph1.png used on input line 224.
(pdftex.def)             Requested size: 137.96022pt x 85.35826pt.
 <testgraph11.png, id=45, 807.015pt x 504.6855pt>
File: testgraph11.png Graphic file (type png)

<use testgraph11.png>
Package pdftex.def Info: testgraph11.png used on input line 225.
(pdftex.def)             Requested size: 136.48883pt x 85.35826pt.

Underfull \vbox (badness 10000) has occurred while \output is active []

 [8 <./ergebnisse1.png> <./ergebnisse2.png> <./ergebnisse3.png>]
<testgraph2.png, id=52, 858.8085pt x 522.753pt>
File: testgraph2.png Graphic file (type png)
 <use testgraph2.png>
Package pdftex.def Info: testgraph2.png used on input line 231.
(pdftex.def)             Requested size: 140.2296pt x 85.35826pt.

<testgraph22.png, id=53, 846.7635pt x 498.663pt>
File: testgraph22.png Graphic file (type png)
 <use testgraph22.png>
Package pdftex.def Info: testgraph22.png used on input line 232.
(pdftex.def)             Requested size: 144.94276pt x 85.35826pt.

<testgraph3.png, id=54, 829.9005pt x 525.162pt>
File: testgraph3.png Graphic file (type png)
 <use testgraph3.png>
Package pdftex.def Info: testgraph3.png used on input line 238.
(pdftex.def)             Requested size: 157.36615pt x 99.58464pt.

<testgraph33.png, id=55, 856.3995pt x 496.254pt>
File: testgraph33.png Graphic file (type png)
 <use testgraph33.png>
Package pdftex.def Info: testgraph33.png used on input line 239.
(pdftex.def)             Requested size: 171.85184pt x 99.58464pt.
 [9 <./testgraph1.png> <./testgraph11.png> <./testgraph2.png> <./testgraph22.pn
g> <./testgraph3.png> <./testgraph33.png>]
Overfull \hbox (1.19652pt too wide) in paragraph at lines 251--252
\OT1/cmr/m/n/10 gew^^?ahlten Graphen im Nanosekun-den-bere-ich, aber die prozen
-tuale []Uberlegenheit
 []

(./typeinst.bbl [10]
Underfull \hbox (badness 1072) in paragraph at lines 14--18
[]\OT1/cmr/m/n/10 Agnieszka Cz-ernik.  Was ist ein al-go-rith-mus { def-i-ni-ti
on und beispiele,
 []


Underfull \hbox (badness 10000) in paragraph at lines 14--18
\OT1/cmr/m/n/10 10 2016.  URL $\OT1/cmtt/m/n/10 https : / / www . datenschutzbe
auftragter-[]info . de /
 []


Underfull \hbox (badness 10000) in paragraph at lines 20--24
\OT1/cmtt/m/n/10 https : / / www-[]m9 . ma . tum . de / graph-[]algorithms / fl
ow-[]ford-[]fulkerson /
 []

) <auswertung.pdf, id=68, 1658.97588pt x 2347.65974pt>
File: auswertung.pdf Graphic file (type pdf)
 <use auswertung.pdf>
Package pdftex.def Info: auswertung.pdf used on input line 261.
(pdftex.def)             Requested size: 1658.97183pt x 2347.65404pt.
File: auswertung.pdf Graphic file (type pdf)

<use auswertung.pdf>
Package pdftex.def Info: auswertung.pdf used on input line 261.
(pdftex.def)             Requested size: 1658.97183pt x 2347.65404pt.

<auswertung.pdf, id=71, page=1, 1658.97588pt x 2347.65974pt>
File: auswertung.pdf Graphic file (type pdf)

<use auswertung.pdf, page 1>
Package pdftex.def Info: auswertung.pdf, page1 used on input line 261.
(pdftex.def)             Requested size: 1658.97183pt x 2347.65404pt.
File: auswertung.pdf Graphic file (type pdf)
 <use auswertung.pdf, page 1>
Package pdftex.def Info: auswertung.pdf, page1 used on input line 261.
(pdftex.def)             Requested size: 1493.06451pt x 2112.8743pt.
 [11

]
File: auswertung.pdf Graphic file (type pdf)

<use auswertung.pdf, page 1>
Package pdftex.def Info: auswertung.pdf, page1 used on input line 261.
(pdftex.def)             Requested size: 1493.06451pt x 2112.8743pt.
File: auswertung.pdf Graphic file (type pdf)
 <use auswertung.pdf, page 1>
Package pdftex.def Info: auswertung.pdf, page1 used on input line 261.
(pdftex.def)             Requested size: 1493.06451pt x 2112.8743pt.
File: auswertung.pdf Graphic file (type pdf)

<use auswertung.pdf, page 1>
Package pdftex.def Info: auswertung.pdf, page1 used on input line 261.
(pdftex.def)             Requested size: 1493.06451pt x 2112.8743pt.
 [12 <./auswertung.pdf>]
<auswertung.pdf, id=102, page=2, 1658.97588pt x 2347.65974pt>
File: auswertung.pdf Graphic file (type pdf)

<use auswertung.pdf, page 2>
Package pdftex.def Info: auswertung.pdf, page2 used on input line 261.
(pdftex.def)             Requested size: 1493.06451pt x 2112.8743pt.
File: auswertung.pdf Graphic file (type pdf)
 <use auswertung.pdf, page 2>
Package pdftex.def Info: auswertung.pdf, page2 used on input line 261.
(pdftex.def)             Requested size: 1493.06451pt x 2112.8743pt.
File: auswertung.pdf Graphic file (type pdf)

<use auswertung.pdf, page 2>
Package pdftex.def Info: auswertung.pdf, page2 used on input line 261.
(pdftex.def)             Requested size: 1493.06451pt x 2112.8743pt.
 [13 <./auswertung.pdf>]
<code.pdf, id=107, 597.52231pt x 845.0471pt>
File: code.pdf Graphic file (type pdf)
 <use code.pdf>
Package pdftex.def Info: code.pdf used on input line 266.
(pdftex.def)             Requested size: 597.52086pt x 845.04504pt.
File: code.pdf Graphic file (type pdf)
 <use code.pdf>
Package pdftex.def Info: code.pdf used on input line 266.
(pdftex.def)             Requested size: 597.52086pt x 845.04504pt.

<code.pdf, id=110, page=1, 597.52231pt x 845.0471pt>
File: code.pdf Graphic file (type pdf)
 <use code.pdf, page 1>
Package pdftex.def Info: code.pdf, page1 used on input line 266.
(pdftex.def)             Requested size: 597.52086pt x 845.04504pt.
File: code.pdf Graphic file (type pdf)

<use code.pdf, page 1>
Package pdftex.def Info: code.pdf, page1 used on input line 266.
(pdftex.def)             Requested size: 537.76512pt x 760.53537pt.
 [14]
File: code.pdf Graphic file (type pdf)
 <use code.pdf, page 1>
Package pdftex.def Info: code.pdf, page1 used on input line 266.
(pdftex.def)             Requested size: 537.76512pt x 760.53537pt.
File: code.pdf Graphic file (type pdf)
 <use code.pdf, page 1>
Package pdftex.def Info: code.pdf, page1 used on input line 266.
(pdftex.def)             Requested size: 537.76512pt x 760.53537pt.
File: code.pdf Graphic file (type pdf)

<use code.pdf, page 1>
Package pdftex.def Info: code.pdf, page1 used on input line 266.
(pdftex.def)             Requested size: 537.76512pt x 760.53537pt.
 [15 <./code.pdf>]
<code.pdf, id=142, page=2, 597.52231pt x 845.0471pt>
File: code.pdf Graphic file (type pdf)
 <use code.pdf, page 2>
Package pdftex.def Info: code.pdf, page2 used on input line 266.
(pdftex.def)             Requested size: 537.76512pt x 760.53537pt.
File: code.pdf Graphic file (type pdf)

<use code.pdf, page 2>
Package pdftex.def Info: code.pdf, page2 used on input line 266.
(pdftex.def)             Requested size: 537.76512pt x 760.53537pt.
File: code.pdf Graphic file (type pdf)
 <use code.pdf, page 2>
Package pdftex.def Info: code.pdf, page2 used on input line 266.
(pdftex.def)             Requested size: 537.76512pt x 760.53537pt.
 [16 <./code.pdf>]
<code.pdf, id=146, page=3, 597.52231pt x 845.0471pt>
File: code.pdf Graphic file (type pdf)
 <use code.pdf, page 3>
Package pdftex.def Info: code.pdf, page3 used on input line 266.
(pdftex.def)             Requested size: 537.76512pt x 760.53537pt.
File: code.pdf Graphic file (type pdf)

<use code.pdf, page 3>
Package pdftex.def Info: code.pdf, page3 used on input line 266.
(pdftex.def)             Requested size: 537.76512pt x 760.53537pt.
File: code.pdf Graphic file (type pdf)
 <use code.pdf, page 3>
Package pdftex.def Info: code.pdf, page3 used on input line 266.
(pdftex.def)             Requested size: 537.76512pt x 760.53537pt.
 [17 <./code.pdf>]
<code.pdf, id=150, page=4, 597.52231pt x 845.0471pt>
File: code.pdf Graphic file (type pdf)
 <use code.pdf, page 4>
Package pdftex.def Info: code.pdf, page4 used on input line 266.
(pdftex.def)             Requested size: 537.76512pt x 760.53537pt.
File: code.pdf Graphic file (type pdf)

<use code.pdf, page 4>
Package pdftex.def Info: code.pdf, page4 used on input line 266.
(pdftex.def)             Requested size: 537.76512pt x 760.53537pt.
File: code.pdf Graphic file (type pdf)
 <use code.pdf, page 4>
Package pdftex.def Info: code.pdf, page4 used on input line 266.
(pdftex.def)             Requested size: 537.76512pt x 760.53537pt.
 [18 <./code.pdf>]
<code.pdf, id=154, page=5, 597.52231pt x 845.0471pt>
File: code.pdf Graphic file (type pdf)
 <use code.pdf, page 5>
Package pdftex.def Info: code.pdf, page5 used on input line 266.
(pdftex.def)             Requested size: 537.76512pt x 760.53537pt.
File: code.pdf Graphic file (type pdf)

<use code.pdf, page 5>
Package pdftex.def Info: code.pdf, page5 used on input line 266.
(pdftex.def)             Requested size: 537.76512pt x 760.53537pt.
File: code.pdf Graphic file (type pdf)
 <use code.pdf, page 5>
Package pdftex.def Info: code.pdf, page5 used on input line 266.
(pdftex.def)             Requested size: 537.76512pt x 760.53537pt.
 [19 <./code.pdf>]
<code.pdf, id=159, page=6, 597.52231pt x 845.0471pt>
File: code.pdf Graphic file (type pdf)
 <use code.pdf, page 6>
Package pdftex.def Info: code.pdf, page6 used on input line 266.
(pdftex.def)             Requested size: 537.76512pt x 760.53537pt.
File: code.pdf Graphic file (type pdf)

<use code.pdf, page 6>
Package pdftex.def Info: code.pdf, page6 used on input line 266.
(pdftex.def)             Requested size: 537.76512pt x 760.53537pt.
File: code.pdf Graphic file (type pdf)
 <use code.pdf, page 6>
Package pdftex.def Info: code.pdf, page6 used on input line 266.
(pdftex.def)             Requested size: 537.76512pt x 760.53537pt.
 [20 <./code.pdf>]
<code.pdf, id=163, page=7, 597.52231pt x 845.0471pt>
File: code.pdf Graphic file (type pdf)
 <use code.pdf, page 7>
Package pdftex.def Info: code.pdf, page7 used on input line 266.
(pdftex.def)             Requested size: 537.76512pt x 760.53537pt.
File: code.pdf Graphic file (type pdf)

<use code.pdf, page 7>
Package pdftex.def Info: code.pdf, page7 used on input line 266.
(pdftex.def)             Requested size: 537.76512pt x 760.53537pt.
File: code.pdf Graphic file (type pdf)
 <use code.pdf, page 7>
Package pdftex.def Info: code.pdf, page7 used on input line 266.
(pdftex.def)             Requested size: 537.76512pt x 760.53537pt.
 [21 <./code.pdf>]
<code.pdf, id=167, page=8, 597.52231pt x 845.0471pt>
File: code.pdf Graphic file (type pdf)
 <use code.pdf, page 8>
Package pdftex.def Info: code.pdf, page8 used on input line 266.
(pdftex.def)             Requested size: 537.76512pt x 760.53537pt.
File: code.pdf Graphic file (type pdf)

<use code.pdf, page 8>
Package pdftex.def Info: code.pdf, page8 used on input line 266.
(pdftex.def)             Requested size: 537.76512pt x 760.53537pt.
File: code.pdf Graphic file (type pdf)
 <use code.pdf, page 8>
Package pdftex.def Info: code.pdf, page8 used on input line 266.
(pdftex.def)             Requested size: 537.76512pt x 760.53537pt.
 [22 <./code.pdf>]
<code.pdf, id=171, page=9, 597.52231pt x 845.0471pt>
File: code.pdf Graphic file (type pdf)
 <use code.pdf, page 9>
Package pdftex.def Info: code.pdf, page9 used on input line 266.
(pdftex.def)             Requested size: 537.76512pt x 760.53537pt.
File: code.pdf Graphic file (type pdf)

<use code.pdf, page 9>
Package pdftex.def Info: code.pdf, page9 used on input line 266.
(pdftex.def)             Requested size: 537.76512pt x 760.53537pt.
File: code.pdf Graphic file (type pdf)
 <use code.pdf, page 9>
Package pdftex.def Info: code.pdf, page9 used on input line 266.
(pdftex.def)             Requested size: 537.76512pt x 760.53537pt.
 [23 <./code.pdf>]
<code.pdf, id=175, page=10, 597.52231pt x 845.0471pt>
File: code.pdf Graphic file (type pdf)
 <use code.pdf, page 10>
Package pdftex.def Info: code.pdf, page10 used on input line 266.
(pdftex.def)             Requested size: 537.76512pt x 760.53537pt.
File: code.pdf Graphic file (type pdf)

<use code.pdf, page 10>
Package pdftex.def Info: code.pdf, page10 used on input line 266.
(pdftex.def)             Requested size: 537.76512pt x 760.53537pt.
File: code.pdf Graphic file (type pdf)
 <use code.pdf, page 10>
Package pdftex.def Info: code.pdf, page10 used on input line 266.
(pdftex.def)             Requested size: 537.76512pt x 760.53537pt.
 [24 <./code.pdf>]
<code.pdf, id=179, page=11, 597.52231pt x 845.0471pt>
File: code.pdf Graphic file (type pdf)
 <use code.pdf, page 11>
Package pdftex.def Info: code.pdf, page11 used on input line 266.
(pdftex.def)             Requested size: 537.76512pt x 760.53537pt.
File: code.pdf Graphic file (type pdf)

<use code.pdf, page 11>
Package pdftex.def Info: code.pdf, page11 used on input line 266.
(pdftex.def)             Requested size: 537.76512pt x 760.53537pt.
File: code.pdf Graphic file (type pdf)
 <use code.pdf, page 11>
Package pdftex.def Info: code.pdf, page11 used on input line 266.
(pdftex.def)             Requested size: 537.76512pt x 760.53537pt.
 [25 <./code.pdf>]
<code.pdf, id=184, page=12, 597.52231pt x 845.0471pt>
File: code.pdf Graphic file (type pdf)
 <use code.pdf, page 12>
Package pdftex.def Info: code.pdf, page12 used on input line 266.
(pdftex.def)             Requested size: 537.76512pt x 760.53537pt.
File: code.pdf Graphic file (type pdf)

<use code.pdf, page 12>
Package pdftex.def Info: code.pdf, page12 used on input line 266.
(pdftex.def)             Requested size: 537.76512pt x 760.53537pt.
File: code.pdf Graphic file (type pdf)
 <use code.pdf, page 12>
Package pdftex.def Info: code.pdf, page12 used on input line 266.
(pdftex.def)             Requested size: 537.76512pt x 760.53537pt.
 [26 <./code.pdf>]
(./typeinst.aux)

LaTeX Warning: There were undefined references.

 ) 
Here is how much of TeX's memory you used:
 4748 strings out of 493014
 64331 string characters out of 6133351
 139186 words of memory out of 5000000
 8164 multiletter control sequences out of 15000+600000
 10781 words of font info for 42 fonts, out of 8000000 for 9000
 1141 hyphenation exceptions out of 8191
 41i,19n,49p,1169b,443s stack positions out of 5000i,500n,10000p,200000b,80000s
</usr/local/texlive/2016/texmf-dist/fonts/type1/public/amsfonts/cm/cmbx10.pfb
></usr/local/texlive/2016/texmf-dist/fonts/type1/public/amsfonts/cm/cmbx12.pfb>
</usr/local/texlive/2016/texmf-dist/fonts/type1/public/amsfonts/cm/cmbx9.pfb></
usr/local/texlive/2016/texmf-dist/fonts/type1/public/amsfonts/cm/cmmi10.pfb></u
sr/local/texlive/2016/texmf-dist/fonts/type1/public/amsfonts/cm/cmmi7.pfb></usr
/local/texlive/2016/texmf-dist/fonts/type1/public/amsfonts/cm/cmmi9.pfb></usr/l
ocal/texlive/2016/texmf-dist/fonts/type1/public/amsfonts/cm/cmr10.pfb></usr/loc
al/texlive/2016/texmf-dist/fonts/type1/public/amsfonts/cm/cmr7.pfb></usr/local/
texlive/2016/texmf-dist/fonts/type1/public/amsfonts/cm/cmr9.pfb></usr/local/tex
live/2016/texmf-dist/fonts/type1/public/amsfonts/cm/cmsy10.pfb></usr/local/texl
ive/2016/texmf-dist/fonts/type1/public/amsfonts/cm/cmsy7.pfb></usr/local/texliv
e/2016/texmf-dist/fonts/type1/public/amsfonts/cm/cmti10.pfb></usr/local/texlive
/2016/texmf-dist/fonts/type1/public/amsfonts/cm/cmtt10.pfb>
Output written on typeinst.pdf (26 pages, 1113261 bytes).
PDF statistics:
 231 PDF objects out of 1000 (max. 8388607)
 137 compressed objects within 2 object streams
 0 named destinations out of 1000 (max. 500000)
 161 words of extra memory for PDF output out of 10000 (max. 10000000)

